<?xml version="1.0" encoding="UTF-8"?>
<testng-results ignored="0" total="15" passed="14" failed="1" skipped="0">
  <reporter-output>
  </reporter-output>
  <suite started-at="2023-02-12T09:04:01 IST" name="Suite" finished-at="2023-02-12T09:07:31 IST" duration-ms="210115">
    <groups>
    </groups>
    <test started-at="2023-02-12T09:04:01 IST" name="ChromeTest" finished-at="2023-02-12T09:05:53 IST" duration-ms="112168">
      <class name="TestNGNop.VerificationofnopcomTestNg">
        <test-method is-config="true" signature="launchbrowser(java.lang.String)[pri:0, instance:TestNGNop.VerificationofnopcomTestNg@50a638b5]" started-at="2023-02-12T09:04:18 IST" name="launchbrowser" finished-at="2023-02-12T09:04:26 IST" duration-ms="7038" status="PASS">
          <params>
            <param index="0">
              <value>
                <![CDATA[Chrome]]>
              </value>
            </param>
          </params>
          <reporter-output>
          </reporter-output>
        </test-method> <!-- launchbrowser -->
        <test-method is-config="true" signature="beforeclass()[pri:0, instance:TestNGNop.VerificationofnopcomTestNg@50a638b5]" started-at="2023-02-12T09:04:26 IST" name="beforeclass" finished-at="2023-02-12T09:04:26 IST" duration-ms="200" status="PASS">
          <reporter-output>
          </reporter-output>
        </test-method> <!-- beforeclass -->
        <test-method is-config="true" signature="lunchbrowser()[pri:0, instance:TestNGNop.VerificationofnopcomTestNg@50a638b5]" started-at="2023-02-12T09:04:26 IST" name="lunchbrowser" finished-at="2023-02-12T09:04:30 IST" duration-ms="4540" status="PASS">
          <reporter-output>
          </reporter-output>
        </test-method> <!-- lunchbrowser -->
        <test-method signature="testregistration()[pri:1, instance:TestNGNop.VerificationofnopcomTestNg@50a638b5]" started-at="2023-02-12T09:04:30 IST" name="testregistration" finished-at="2023-02-12T09:04:43 IST" duration-ms="12498" status="PASS">
          <reporter-output>
          </reporter-output>
        </test-method> <!-- testregistration -->
        <test-method is-config="true" signature="afterMethod()[pri:0, instance:TestNGNop.VerificationofnopcomTestNg@50a638b5]" started-at="2023-02-12T09:04:43 IST" name="afterMethod" finished-at="2023-02-12T09:04:43 IST" duration-ms="132" status="PASS">
          <reporter-output>
          </reporter-output>
        </test-method> <!-- afterMethod -->
        <test-method is-config="true" signature="lunchbrowser()[pri:0, instance:TestNGNop.VerificationofnopcomTestNg@50a638b5]" started-at="2023-02-12T09:04:43 IST" name="lunchbrowser" finished-at="2023-02-12T09:04:44 IST" duration-ms="1113" status="PASS">
          <reporter-output>
          </reporter-output>
        </test-method> <!-- lunchbrowser -->
        <test-method signature="testlogin()[pri:2, instance:TestNGNop.VerificationofnopcomTestNg@50a638b5]" started-at="2023-02-12T09:04:44 IST" name="testlogin" finished-at="2023-02-12T09:04:49 IST" duration-ms="5144" status="PASS">
          <reporter-output>
          </reporter-output>
        </test-method> <!-- testlogin -->
        <test-method is-config="true" signature="afterMethod()[pri:0, instance:TestNGNop.VerificationofnopcomTestNg@50a638b5]" started-at="2023-02-12T09:04:49 IST" name="afterMethod" finished-at="2023-02-12T09:04:49 IST" duration-ms="71" status="PASS">
          <reporter-output>
          </reporter-output>
        </test-method> <!-- afterMethod -->
        <test-method is-config="true" signature="afterClass()[pri:0, instance:TestNGNop.VerificationofnopcomTestNg@50a638b5]" started-at="2023-02-12T09:04:49 IST" name="afterClass" finished-at="2023-02-12T09:04:49 IST" duration-ms="0" status="PASS">
          <reporter-output>
          </reporter-output>
        </test-method> <!-- afterClass -->
        <test-method is-config="true" signature="afterTest()[pri:0, instance:TestNGNop.VerificationofnopcomTestNg@50a638b5]" started-at="2023-02-12T09:05:53 IST" name="afterTest" finished-at="2023-02-12T09:05:53 IST" duration-ms="291" status="PASS">
          <reporter-output>
          </reporter-output>
        </test-method> <!-- afterTest -->
      </class> <!-- TestNGNop.VerificationofnopcomTestNg -->
      <class name="TestNGNop.Verificationoflink">
        <test-method is-config="true" signature="launchbrowser(java.lang.String)[pri:0, instance:TestNGNop.Verificationoflink@76508ed1]" started-at="2023-02-12T09:04:13 IST" name="launchbrowser" finished-at="2023-02-12T09:04:18 IST" duration-ms="5901" status="PASS">
          <params>
            <param index="0">
              <value>
                <![CDATA[Chrome]]>
              </value>
            </param>
          </params>
          <reporter-output>
          </reporter-output>
        </test-method> <!-- launchbrowser -->
        <test-method is-config="true" signature="beforeclass()[pri:0, instance:TestNGNop.Verificationoflink@76508ed1]" started-at="2023-02-12T09:04:26 IST" name="beforeclass" finished-at="2023-02-12T09:04:26 IST" duration-ms="58" status="PASS">
          <reporter-output>
          </reporter-output>
        </test-method> <!-- beforeclass -->
        <test-method is-config="true" signature="lunchbrowser()[pri:0, instance:TestNGNop.Verificationoflink@76508ed1]" started-at="2023-02-12T09:04:26 IST" name="lunchbrowser" finished-at="2023-02-12T09:04:37 IST" duration-ms="10820" status="PASS">
          <reporter-output>
          </reporter-output>
        </test-method> <!-- lunchbrowser -->
        <test-method signature="testLOGIN()[pri:0, instance:TestNGNop.Verificationoflink@76508ed1]" started-at="2023-02-12T09:04:37 IST" name="testLOGIN" finished-at="2023-02-12T09:04:40 IST" duration-ms="3575" status="PASS">
          <reporter-output>
          </reporter-output>
        </test-method> <!-- testLOGIN -->
        <test-method is-config="true" signature="lunchbrowser()[pri:0, instance:TestNGNop.Verificationoflink@76508ed1]" started-at="2023-02-12T09:04:40 IST" name="lunchbrowser" finished-at="2023-02-12T09:04:42 IST" duration-ms="1427" status="PASS">
          <reporter-output>
          </reporter-output>
        </test-method> <!-- lunchbrowser -->
        <test-method signature="testregistration()[pri:0, instance:TestNGNop.Verificationoflink@76508ed1]" started-at="2023-02-12T09:04:42 IST" name="testregistration" finished-at="2023-02-12T09:04:49 IST" duration-ms="7835" status="PASS">
          <reporter-output>
          </reporter-output>
        </test-method> <!-- testregistration -->
        <test-method is-config="true" signature="afterClass()[pri:0, instance:TestNGNop.Verificationoflink@76508ed1]" started-at="2023-02-12T09:04:49 IST" name="afterClass" finished-at="2023-02-12T09:04:49 IST" duration-ms="0" status="PASS">
          <reporter-output>
          </reporter-output>
        </test-method> <!-- afterClass -->
        <test-method is-config="true" signature="afterTest()[pri:0, instance:TestNGNop.Verificationoflink@76508ed1]" started-at="2023-02-12T09:05:47 IST" name="afterTest" finished-at="2023-02-12T09:05:53 IST" duration-ms="6189" status="PASS">
          <reporter-output>
          </reporter-output>
        </test-method> <!-- afterTest -->
      </class> <!-- TestNGNop.Verificationoflink -->
      <class name="TestNGNop.VerificationofbookTestNG">
        <test-method is-config="true" signature="launchbrowser(java.lang.String)[pri:0, instance:TestNGNop.VerificationofbookTestNG@41e36e46]" started-at="2023-02-12T09:04:01 IST" name="launchbrowser" finished-at="2023-02-12T09:04:13 IST" duration-ms="11302" status="PASS">
          <params>
            <param index="0">
              <value>
                <![CDATA[Chrome]]>
              </value>
            </param>
          </params>
          <reporter-output>
          </reporter-output>
        </test-method> <!-- launchbrowser -->
        <test-method is-config="true" signature="CreatPomObjects()[pri:0, instance:TestNGNop.VerificationofbookTestNG@41e36e46]" started-at="2023-02-12T09:04:26 IST" name="CreatPomObjects" finished-at="2023-02-12T09:04:26 IST" duration-ms="66" status="PASS">
          <reporter-output>
          </reporter-output>
        </test-method> <!-- CreatPomObjects -->
        <test-method is-config="true" signature="lunchbrowser()[pri:0, instance:TestNGNop.VerificationofbookTestNG@41e36e46]" started-at="2023-02-12T09:04:26 IST" name="lunchbrowser" finished-at="2023-02-12T09:04:31 IST" duration-ms="5389" status="PASS">
          <reporter-output>
          </reporter-output>
        </test-method> <!-- lunchbrowser -->
        <test-method signature="testVerificationofBookPurchase()[pri:0, instance:TestNGNop.VerificationofbookTestNG@41e36e46]" started-at="2023-02-12T09:04:31 IST" name="testVerificationofBookPurchase" finished-at="2023-02-12T09:05:21 IST" duration-ms="49906" status="PASS">
          <reporter-output>
          </reporter-output>
        </test-method> <!-- testVerificationofBookPurchase -->
        <test-method is-config="true" signature="afterMethod()[pri:0, instance:TestNGNop.VerificationofbookTestNG@41e36e46]" started-at="2023-02-12T09:05:21 IST" name="afterMethod" finished-at="2023-02-12T09:05:21 IST" duration-ms="240" status="PASS">
          <reporter-output>
          </reporter-output>
        </test-method> <!-- afterMethod -->
        <test-method is-config="true" signature="afterClass()[pri:0, instance:TestNGNop.VerificationofbookTestNG@41e36e46]" started-at="2023-02-12T09:05:21 IST" name="afterClass" finished-at="2023-02-12T09:05:21 IST" duration-ms="0" status="PASS">
          <reporter-output>
          </reporter-output>
        </test-method> <!-- afterClass -->
        <test-method is-config="true" signature="afterTest()[pri:0, instance:TestNGNop.VerificationofbookTestNG@41e36e46]" started-at="2023-02-12T09:05:21 IST" name="afterTest" finished-at="2023-02-12T09:05:47 IST" duration-ms="25650" status="PASS">
          <reporter-output>
          </reporter-output>
        </test-method> <!-- afterTest -->
      </class> <!-- TestNGNop.VerificationofbookTestNG -->
    </test> <!-- ChromeTest -->
    <test started-at="2023-02-12T09:05:54 IST" name="firefoxTest" finished-at="2023-02-12T09:06:51 IST" duration-ms="56947">
      <class name="TestNGNop.VerificationofnopcomTestNg">
        <test-method is-config="true" signature="launchbrowser(java.lang.String)[pri:0, instance:TestNGNop.VerificationofnopcomTestNg@1a451d4d]" started-at="2023-02-12T09:06:12 IST" name="launchbrowser" finished-at="2023-02-12T09:06:20 IST" duration-ms="7767" status="PASS">
          <params>
            <param index="0">
              <value>
                <![CDATA[Firefox]]>
              </value>
            </param>
          </params>
          <reporter-output>
          </reporter-output>
        </test-method> <!-- launchbrowser -->
        <test-method is-config="true" signature="beforeclass()[pri:0, instance:TestNGNop.VerificationofnopcomTestNg@1a451d4d]" started-at="2023-02-12T09:06:20 IST" name="beforeclass" finished-at="2023-02-12T09:06:20 IST" duration-ms="25" status="PASS">
          <reporter-output>
          </reporter-output>
        </test-method> <!-- beforeclass -->
        <test-method is-config="true" signature="lunchbrowser()[pri:0, instance:TestNGNop.VerificationofnopcomTestNg@1a451d4d]" started-at="2023-02-12T09:06:20 IST" name="lunchbrowser" finished-at="2023-02-12T09:06:24 IST" duration-ms="3775" status="PASS">
          <reporter-output>
          </reporter-output>
        </test-method> <!-- lunchbrowser -->
        <test-method signature="testregistration()[pri:1, instance:TestNGNop.VerificationofnopcomTestNg@1a451d4d]" started-at="2023-02-12T09:06:24 IST" name="testregistration" finished-at="2023-02-12T09:06:30 IST" duration-ms="5793" status="PASS">
          <reporter-output>
          </reporter-output>
        </test-method> <!-- testregistration -->
        <test-method is-config="true" signature="afterMethod()[pri:0, instance:TestNGNop.VerificationofnopcomTestNg@1a451d4d]" started-at="2023-02-12T09:06:30 IST" name="afterMethod" finished-at="2023-02-12T09:06:30 IST" duration-ms="24" status="PASS">
          <reporter-output>
          </reporter-output>
        </test-method> <!-- afterMethod -->
        <test-method is-config="true" signature="lunchbrowser()[pri:0, instance:TestNGNop.VerificationofnopcomTestNg@1a451d4d]" started-at="2023-02-12T09:06:30 IST" name="lunchbrowser" finished-at="2023-02-12T09:06:31 IST" duration-ms="688" status="PASS">
          <reporter-output>
          </reporter-output>
        </test-method> <!-- lunchbrowser -->
        <test-method signature="testlogin()[pri:2, instance:TestNGNop.VerificationofnopcomTestNg@1a451d4d]" started-at="2023-02-12T09:06:31 IST" name="testlogin" finished-at="2023-02-12T09:06:33 IST" duration-ms="2328" status="PASS">
          <reporter-output>
          </reporter-output>
        </test-method> <!-- testlogin -->
        <test-method is-config="true" signature="afterMethod()[pri:0, instance:TestNGNop.VerificationofnopcomTestNg@1a451d4d]" started-at="2023-02-12T09:06:33 IST" name="afterMethod" finished-at="2023-02-12T09:06:33 IST" duration-ms="19" status="PASS">
          <reporter-output>
          </reporter-output>
        </test-method> <!-- afterMethod -->
        <test-method is-config="true" signature="afterClass()[pri:0, instance:TestNGNop.VerificationofnopcomTestNg@1a451d4d]" started-at="2023-02-12T09:06:33 IST" name="afterClass" finished-at="2023-02-12T09:06:33 IST" duration-ms="2" status="PASS">
          <reporter-output>
          </reporter-output>
        </test-method> <!-- afterClass -->
        <test-method is-config="true" signature="afterTest()[pri:0, instance:TestNGNop.VerificationofnopcomTestNg@1a451d4d]" started-at="2023-02-12T09:06:49 IST" name="afterTest" finished-at="2023-02-12T09:06:51 IST" duration-ms="1612" status="PASS">
          <reporter-output>
          </reporter-output>
        </test-method> <!-- afterTest -->
      </class> <!-- TestNGNop.VerificationofnopcomTestNg -->
      <class name="TestNGNop.Verificationoflink">
        <test-method is-config="true" signature="launchbrowser(java.lang.String)[pri:0, instance:TestNGNop.Verificationoflink@5fdcaa40]" started-at="2023-02-12T09:06:05 IST" name="launchbrowser" finished-at="2023-02-12T09:06:12 IST" duration-ms="7144" status="PASS">
          <params>
            <param index="0">
              <value>
                <![CDATA[Firefox]]>
              </value>
            </param>
          </params>
          <reporter-output>
          </reporter-output>
        </test-method> <!-- launchbrowser -->
        <test-method is-config="true" signature="beforeclass()[pri:0, instance:TestNGNop.Verificationoflink@5fdcaa40]" started-at="2023-02-12T09:06:20 IST" name="beforeclass" finished-at="2023-02-12T09:06:20 IST" duration-ms="2" status="PASS">
          <reporter-output>
          </reporter-output>
        </test-method> <!-- beforeclass -->
        <test-method is-config="true" signature="lunchbrowser()[pri:0, instance:TestNGNop.Verificationoflink@5fdcaa40]" started-at="2023-02-12T09:06:20 IST" name="lunchbrowser" finished-at="2023-02-12T09:06:24 IST" duration-ms="3816" status="PASS">
          <reporter-output>
          </reporter-output>
        </test-method> <!-- lunchbrowser -->
        <test-method signature="testLOGIN()[pri:0, instance:TestNGNop.Verificationoflink@5fdcaa40]" started-at="2023-02-12T09:06:24 IST" name="testLOGIN" finished-at="2023-02-12T09:06:26 IST" duration-ms="2416" status="PASS">
          <reporter-output>
          </reporter-output>
        </test-method> <!-- testLOGIN -->
        <test-method is-config="true" signature="lunchbrowser()[pri:0, instance:TestNGNop.Verificationoflink@5fdcaa40]" started-at="2023-02-12T09:06:26 IST" name="lunchbrowser" finished-at="2023-02-12T09:06:27 IST" duration-ms="835" status="PASS">
          <reporter-output>
          </reporter-output>
        </test-method> <!-- lunchbrowser -->
        <test-method signature="testregistration()[pri:0, instance:TestNGNop.Verificationoflink@5fdcaa40]" started-at="2023-02-12T09:06:27 IST" name="testregistration" finished-at="2023-02-12T09:06:32 IST" duration-ms="4184" status="PASS">
          <reporter-output>
          </reporter-output>
        </test-method> <!-- testregistration -->
        <test-method is-config="true" signature="afterClass()[pri:0, instance:TestNGNop.Verificationoflink@5fdcaa40]" started-at="2023-02-12T09:06:32 IST" name="afterClass" finished-at="2023-02-12T09:06:32 IST" duration-ms="0" status="PASS">
          <reporter-output>
          </reporter-output>
        </test-method> <!-- afterClass -->
        <test-method is-config="true" signature="afterTest()[pri:0, instance:TestNGNop.Verificationoflink@5fdcaa40]" started-at="2023-02-12T09:06:47 IST" name="afterTest" finished-at="2023-02-12T09:06:49 IST" duration-ms="2051" status="PASS">
          <reporter-output>
          </reporter-output>
        </test-method> <!-- afterTest -->
      </class> <!-- TestNGNop.Verificationoflink -->
      <class name="TestNGNop.VerificationofbookTestNG">
        <test-method is-config="true" signature="launchbrowser(java.lang.String)[pri:0, instance:TestNGNop.VerificationofbookTestNG@6dc17b83]" started-at="2023-02-12T09:05:54 IST" name="launchbrowser" finished-at="2023-02-12T09:06:05 IST" duration-ms="11662" status="PASS">
          <params>
            <param index="0">
              <value>
                <![CDATA[Firefox]]>
              </value>
            </param>
          </params>
          <reporter-output>
          </reporter-output>
        </test-method> <!-- launchbrowser -->
        <test-method is-config="true" signature="CreatPomObjects()[pri:0, instance:TestNGNop.VerificationofbookTestNG@6dc17b83]" started-at="2023-02-12T09:06:20 IST" name="CreatPomObjects" finished-at="2023-02-12T09:06:20 IST" duration-ms="12" status="PASS">
          <reporter-output>
          </reporter-output>
        </test-method> <!-- CreatPomObjects -->
        <test-method is-config="true" signature="lunchbrowser()[pri:0, instance:TestNGNop.VerificationofbookTestNG@6dc17b83]" started-at="2023-02-12T09:06:20 IST" name="lunchbrowser" finished-at="2023-02-12T09:06:24 IST" duration-ms="3799" status="PASS">
          <reporter-output>
          </reporter-output>
        </test-method> <!-- lunchbrowser -->
        <test-method signature="testVerificationofBookPurchase()[pri:0, instance:TestNGNop.VerificationofbookTestNG@6dc17b83]" started-at="2023-02-12T09:06:24 IST" name="testVerificationofBookPurchase" finished-at="2023-02-12T09:06:45 IST" duration-ms="20575" status="FAIL">
          <exception class="org.openqa.selenium.ElementClickInterceptedException">
            <message>
              <![CDATA[Element <input id="termsofservice" name="termsofservice" type="checkbox"> is not clickable at point (746,635) because another element <div class="mfp-container mfp-s-ready mfp-inline-holder"> obscures it
Build info: version: '3.141.59', revision: 'e82be7d358', time: '2018-11-14T08:17:03'
System info: host: 'DESKTOP-IVJGQJO', ip: '192.168.1.5', os.name: 'Windows 10', os.arch: 'amd64', os.version: '10.0', java.version: '17.0.4.1'
Driver info: org.openqa.selenium.firefox.FirefoxDriver
Capabilities {acceptInsecureCerts: true, browserName: firefox, browserVersion: 109.0.1, javascriptEnabled: true, moz:accessibilityChecks: false, moz:buildID: 20230127170202, moz:geckodriverVersion: 0.29.1, moz:headless: false, moz:platformVersion: 10.0, moz:processID: 24404, moz:profile: C:\Users\DELL\AppData\Local..., moz:shutdownTimeout: 60000, moz:useNonSpecCompliantPointerOrigin: false, moz:webdriverClick: true, moz:windowless: false, pageLoadStrategy: normal, platform: WINDOWS, platformName: WINDOWS, proxy: Proxy(), setWindowRect: true, strictFileInteractability: false, timeouts: {implicit: 0, pageLoad: 300000, script: 30000}, unhandledPromptBehavior: dismiss and notify}
Session ID: 7b7f1d10-0d6b-4a98-8987-ee9ea6c0aa16]]>
            </message>
            <full-stacktrace>
              <![CDATA[org.openqa.selenium.ElementClickInterceptedException: Element <input id="termsofservice" name="termsofservice" type="checkbox"> is not clickable at point (746,635) because another element <div class="mfp-container mfp-s-ready mfp-inline-holder"> obscures it
Build info: version: '3.141.59', revision: 'e82be7d358', time: '2018-11-14T08:17:03'
System info: host: 'DESKTOP-IVJGQJO', ip: '192.168.1.5', os.name: 'Windows 10', os.arch: 'amd64', os.version: '10.0', java.version: '17.0.4.1'
Driver info: org.openqa.selenium.firefox.FirefoxDriver
Capabilities {acceptInsecureCerts: true, browserName: firefox, browserVersion: 109.0.1, javascriptEnabled: true, moz:accessibilityChecks: false, moz:buildID: 20230127170202, moz:geckodriverVersion: 0.29.1, moz:headless: false, moz:platformVersion: 10.0, moz:processID: 24404, moz:profile: C:\Users\DELL\AppData\Local..., moz:shutdownTimeout: 60000, moz:useNonSpecCompliantPointerOrigin: false, moz:webdriverClick: true, moz:windowless: false, pageLoadStrategy: normal, platform: WINDOWS, platformName: WINDOWS, proxy: Proxy(), setWindowRect: true, strictFileInteractability: false, timeouts: {implicit: 0, pageLoad: 300000, script: 30000}, unhandledPromptBehavior: dismiss and notify}
Session ID: 7b7f1d10-0d6b-4a98-8987-ee9ea6c0aa16
at java.base/jdk.internal.reflect.NativeConstructorAccessorImpl.newInstance0(Native Method)
at java.base/jdk.internal.reflect.NativeConstructorAccessorImpl.newInstance(NativeConstructorAccessorImpl.java:77)
at java.base/jdk.internal.reflect.DelegatingConstructorAccessorImpl.newInstance(DelegatingConstructorAccessorImpl.java:45)
at java.base/java.lang.reflect.Constructor.newInstanceWithCaller(Constructor.java:499)
at java.base/java.lang.reflect.Constructor.newInstance(Constructor.java:480)
at org.openqa.selenium.remote.http.W3CHttpResponseCodec.createException(W3CHttpResponseCodec.java:187)
at org.openqa.selenium.remote.http.W3CHttpResponseCodec.decode(W3CHttpResponseCodec.java:122)
at org.openqa.selenium.remote.http.W3CHttpResponseCodec.decode(W3CHttpResponseCodec.java:49)
at org.openqa.selenium.remote.HttpCommandExecutor.execute(HttpCommandExecutor.java:158)
at org.openqa.selenium.remote.service.DriverCommandExecutor.execute(DriverCommandExecutor.java:83)
at org.openqa.selenium.remote.RemoteWebDriver.execute(RemoteWebDriver.java:552)
at org.openqa.selenium.remote.RemoteWebElement.execute(RemoteWebElement.java:285)
at org.openqa.selenium.remote.RemoteWebElement.click(RemoteWebElement.java:84)
at jdk.internal.reflect.GeneratedMethodAccessor1.invoke(Unknown Source)
at java.base/jdk.internal.reflect.DelegatingMethodAccessorImpl.invoke(DelegatingMethodAccessorImpl.java:43)
at java.base/java.lang.reflect.Method.invoke(Method.java:568)
at org.openqa.selenium.support.pagefactory.internal.LocatingElementHandler.invoke(LocatingElementHandler.java:51)
at jdk.proxy2/jdk.proxy2.$Proxy17.click(Unknown Source)
at Pomclass.Shoppingcartclass.clickOnIagreeButton(Shoppingcartclass.java:75)
at TestNGNop.VerificationofbookTestNG.testVerificationofBookPurchase(VerificationofbookTestNG.java:102)
at java.base/jdk.internal.reflect.NativeMethodAccessorImpl.invoke0(Native Method)
at java.base/jdk.internal.reflect.NativeMethodAccessorImpl.invoke(NativeMethodAccessorImpl.java:77)
at java.base/jdk.internal.reflect.DelegatingMethodAccessorImpl.invoke(DelegatingMethodAccessorImpl.java:43)
at java.base/java.lang.reflect.Method.invoke(Method.java:568)
at org.testng.internal.MethodInvocationHelper.invokeMethod(MethodInvocationHelper.java:133)
at org.testng.internal.TestInvoker.invokeMethod(TestInvoker.java:598)
at org.testng.internal.TestInvoker.invokeTestMethod(TestInvoker.java:173)
at org.testng.internal.MethodRunner.runInSequence(MethodRunner.java:46)
at org.testng.internal.TestInvoker$MethodInvocationAgent.invoke(TestInvoker.java:824)
at org.testng.internal.TestInvoker.invokeTestMethods(TestInvoker.java:146)
at org.testng.internal.TestMethodWorker.invokeTestMethods(TestMethodWorker.java:146)
at org.testng.internal.TestMethodWorker.run(TestMethodWorker.java:128)
at java.base/java.util.concurrent.ThreadPoolExecutor.runWorker(ThreadPoolExecutor.java:1136)
at java.base/java.util.concurrent.ThreadPoolExecutor$Worker.run(ThreadPoolExecutor.java:635)
at java.base/java.lang.Thread.run(Thread.java:833)
]]>
            </full-stacktrace>
          </exception> <!-- org.openqa.selenium.ElementClickInterceptedException -->
          <reporter-output>
          </reporter-output>
        </test-method> <!-- testVerificationofBookPurchase -->
        <test-method is-config="true" signature="afterMethod()[pri:0, instance:TestNGNop.VerificationofbookTestNG@6dc17b83]" started-at="2023-02-12T09:06:45 IST" name="afterMethod" finished-at="2023-02-12T09:06:45 IST" duration-ms="15" status="PASS">
          <reporter-output>
          </reporter-output>
        </test-method> <!-- afterMethod -->
        <test-method is-config="true" signature="afterClass()[pri:0, instance:TestNGNop.VerificationofbookTestNG@6dc17b83]" started-at="2023-02-12T09:06:45 IST" name="afterClass" finished-at="2023-02-12T09:06:45 IST" duration-ms="1" status="PASS">
          <reporter-output>
          </reporter-output>
        </test-method> <!-- afterClass -->
        <test-method is-config="true" signature="afterTest()[pri:0, instance:TestNGNop.VerificationofbookTestNG@6dc17b83]" started-at="2023-02-12T09:06:45 IST" name="afterTest" finished-at="2023-02-12T09:06:47 IST" duration-ms="2281" status="PASS">
          <reporter-output>
          </reporter-output>
        </test-method> <!-- afterTest -->
      </class> <!-- TestNGNop.VerificationofbookTestNG -->
    </test> <!-- firefoxTest -->
    <test started-at="2023-02-12T09:06:51 IST" name="EdgeTest" finished-at="2023-02-12T09:07:31 IST" duration-ms="40680">
      <class name="TestNGNop.VerificationofnopcomTestNg">
        <test-method is-config="true" signature="launchbrowser(java.lang.String)[pri:0, instance:TestNGNop.VerificationofnopcomTestNg@71809907]" started-at="2023-02-12T09:07:00 IST" name="launchbrowser" finished-at="2023-02-12T09:07:03 IST" duration-ms="3713" status="PASS">
          <params>
            <param index="0">
              <value>
                <![CDATA[Edge]]>
              </value>
            </param>
          </params>
          <reporter-output>
          </reporter-output>
        </test-method> <!-- launchbrowser -->
        <test-method is-config="true" signature="beforeclass()[pri:0, instance:TestNGNop.VerificationofnopcomTestNg@71809907]" started-at="2023-02-12T09:07:03 IST" name="beforeclass" finished-at="2023-02-12T09:07:03 IST" duration-ms="2" status="PASS">
          <reporter-output>
          </reporter-output>
        </test-method> <!-- beforeclass -->
        <test-method is-config="true" signature="lunchbrowser()[pri:0, instance:TestNGNop.VerificationofnopcomTestNg@71809907]" started-at="2023-02-12T09:07:03 IST" name="lunchbrowser" finished-at="2023-02-12T09:07:08 IST" duration-ms="4305" status="PASS">
          <reporter-output>
          </reporter-output>
        </test-method> <!-- lunchbrowser -->
        <test-method signature="testregistration()[pri:1, instance:TestNGNop.VerificationofnopcomTestNg@71809907]" started-at="2023-02-12T09:07:08 IST" name="testregistration" finished-at="2023-02-12T09:07:11 IST" duration-ms="3547" status="PASS">
          <reporter-output>
          </reporter-output>
        </test-method> <!-- testregistration -->
        <test-method is-config="true" signature="afterMethod()[pri:0, instance:TestNGNop.VerificationofnopcomTestNg@71809907]" started-at="2023-02-12T09:07:11 IST" name="afterMethod" finished-at="2023-02-12T09:07:11 IST" duration-ms="12" status="PASS">
          <reporter-output>
          </reporter-output>
        </test-method> <!-- afterMethod -->
        <test-method is-config="true" signature="lunchbrowser()[pri:0, instance:TestNGNop.VerificationofnopcomTestNg@71809907]" started-at="2023-02-12T09:07:11 IST" name="lunchbrowser" finished-at="2023-02-12T09:07:12 IST" duration-ms="983" status="PASS">
          <reporter-output>
          </reporter-output>
        </test-method> <!-- lunchbrowser -->
        <test-method signature="testlogin()[pri:2, instance:TestNGNop.VerificationofnopcomTestNg@71809907]" started-at="2023-02-12T09:07:12 IST" name="testlogin" finished-at="2023-02-12T09:07:14 IST" duration-ms="2213" status="PASS">
          <reporter-output>
          </reporter-output>
        </test-method> <!-- testlogin -->
        <test-method is-config="true" signature="afterMethod()[pri:0, instance:TestNGNop.VerificationofnopcomTestNg@71809907]" started-at="2023-02-12T09:07:14 IST" name="afterMethod" finished-at="2023-02-12T09:07:14 IST" duration-ms="39" status="PASS">
          <reporter-output>
          </reporter-output>
        </test-method> <!-- afterMethod -->
        <test-method is-config="true" signature="afterClass()[pri:0, instance:TestNGNop.VerificationofnopcomTestNg@71809907]" started-at="2023-02-12T09:07:14 IST" name="afterClass" finished-at="2023-02-12T09:07:14 IST" duration-ms="0" status="PASS">
          <reporter-output>
          </reporter-output>
        </test-method> <!-- afterClass -->
        <test-method is-config="true" signature="afterTest()[pri:0, instance:TestNGNop.VerificationofnopcomTestNg@71809907]" started-at="2023-02-12T09:07:31 IST" name="afterTest" finished-at="2023-02-12T09:07:31 IST" duration-ms="400" status="PASS">
          <reporter-output>
          </reporter-output>
        </test-method> <!-- afterTest -->
      </class> <!-- TestNGNop.VerificationofnopcomTestNg -->
      <class name="TestNGNop.Verificationoflink">
        <test-method is-config="true" signature="launchbrowser(java.lang.String)[pri:0, instance:TestNGNop.Verificationoflink@3ce1e309]" started-at="2023-02-12T09:06:56 IST" name="launchbrowser" finished-at="2023-02-12T09:07:00 IST" duration-ms="3799" status="PASS">
          <params>
            <param index="0">
              <value>
                <![CDATA[Edge]]>
              </value>
            </param>
          </params>
          <reporter-output>
          </reporter-output>
        </test-method> <!-- launchbrowser -->
        <test-method is-config="true" signature="beforeclass()[pri:0, instance:TestNGNop.Verificationoflink@3ce1e309]" started-at="2023-02-12T09:07:03 IST" name="beforeclass" finished-at="2023-02-12T09:07:03 IST" duration-ms="1" status="PASS">
          <reporter-output>
          </reporter-output>
        </test-method> <!-- beforeclass -->
        <test-method is-config="true" signature="lunchbrowser()[pri:0, instance:TestNGNop.Verificationoflink@3ce1e309]" started-at="2023-02-12T09:07:03 IST" name="lunchbrowser" finished-at="2023-02-12T09:07:05 IST" duration-ms="1874" status="PASS">
          <reporter-output>
          </reporter-output>
        </test-method> <!-- lunchbrowser -->
        <test-method signature="testLOGIN()[pri:0, instance:TestNGNop.Verificationoflink@3ce1e309]" started-at="2023-02-12T09:07:05 IST" name="testLOGIN" finished-at="2023-02-12T09:07:07 IST" duration-ms="1759" status="PASS">
          <reporter-output>
          </reporter-output>
        </test-method> <!-- testLOGIN -->
        <test-method is-config="true" signature="lunchbrowser()[pri:0, instance:TestNGNop.Verificationoflink@3ce1e309]" started-at="2023-02-12T09:07:07 IST" name="lunchbrowser" finished-at="2023-02-12T09:07:08 IST" duration-ms="901" status="PASS">
          <reporter-output>
          </reporter-output>
        </test-method> <!-- lunchbrowser -->
        <test-method signature="testregistration()[pri:0, instance:TestNGNop.Verificationoflink@3ce1e309]" started-at="2023-02-12T09:07:08 IST" name="testregistration" finished-at="2023-02-12T09:07:12 IST" duration-ms="4344" status="PASS">
          <reporter-output>
          </reporter-output>
        </test-method> <!-- testregistration -->
        <test-method is-config="true" signature="afterClass()[pri:0, instance:TestNGNop.Verificationoflink@3ce1e309]" started-at="2023-02-12T09:07:12 IST" name="afterClass" finished-at="2023-02-12T09:07:12 IST" duration-ms="0" status="PASS">
          <reporter-output>
          </reporter-output>
        </test-method> <!-- afterClass -->
        <test-method is-config="true" signature="afterTest()[pri:0, instance:TestNGNop.Verificationoflink@3ce1e309]" started-at="2023-02-12T09:07:30 IST" name="afterTest" finished-at="2023-02-12T09:07:31 IST" duration-ms="1125" status="PASS">
          <reporter-output>
          </reporter-output>
        </test-method> <!-- afterTest -->
      </class> <!-- TestNGNop.Verificationoflink -->
      <class name="TestNGNop.VerificationofbookTestNG">
        <test-method is-config="true" signature="launchbrowser(java.lang.String)[pri:0, instance:TestNGNop.VerificationofbookTestNG@6aba2b86]" started-at="2023-02-12T09:06:51 IST" name="launchbrowser" finished-at="2023-02-12T09:06:56 IST" duration-ms="5159" status="PASS">
          <params>
            <param index="0">
              <value>
                <![CDATA[Edge]]>
              </value>
            </param>
          </params>
          <reporter-output>
          </reporter-output>
        </test-method> <!-- launchbrowser -->
        <test-method is-config="true" signature="CreatPomObjects()[pri:0, instance:TestNGNop.VerificationofbookTestNG@6aba2b86]" started-at="2023-02-12T09:07:03 IST" name="CreatPomObjects" finished-at="2023-02-12T09:07:03 IST" duration-ms="5" status="PASS">
          <reporter-output>
          </reporter-output>
        </test-method> <!-- CreatPomObjects -->
        <test-method is-config="true" signature="lunchbrowser()[pri:0, instance:TestNGNop.VerificationofbookTestNG@6aba2b86]" started-at="2023-02-12T09:07:03 IST" name="lunchbrowser" finished-at="2023-02-12T09:07:06 IST" duration-ms="2293" status="PASS">
          <reporter-output>
          </reporter-output>
        </test-method> <!-- lunchbrowser -->
        <test-method signature="testVerificationofBookPurchase()[pri:0, instance:TestNGNop.VerificationofbookTestNG@6aba2b86]" started-at="2023-02-12T09:07:06 IST" name="testVerificationofBookPurchase" finished-at="2023-02-12T09:07:28 IST" duration-ms="22076" status="PASS">
          <reporter-output>
          </reporter-output>
        </test-method> <!-- testVerificationofBookPurchase -->
        <test-method is-config="true" signature="afterMethod()[pri:0, instance:TestNGNop.VerificationofbookTestNG@6aba2b86]" started-at="2023-02-12T09:07:28 IST" name="afterMethod" finished-at="2023-02-12T09:07:28 IST" duration-ms="12" status="PASS">
          <reporter-output>
          </reporter-output>
        </test-method> <!-- afterMethod -->
        <test-method is-config="true" signature="afterClass()[pri:0, instance:TestNGNop.VerificationofbookTestNG@6aba2b86]" started-at="2023-02-12T09:07:28 IST" name="afterClass" finished-at="2023-02-12T09:07:28 IST" duration-ms="0" status="PASS">
          <reporter-output>
          </reporter-output>
        </test-method> <!-- afterClass -->
        <test-method is-config="true" signature="afterTest()[pri:0, instance:TestNGNop.VerificationofbookTestNG@6aba2b86]" started-at="2023-02-12T09:07:28 IST" name="afterTest" finished-at="2023-02-12T09:07:30 IST" duration-ms="2094" status="PASS">
          <reporter-output>
          </reporter-output>
        </test-method> <!-- afterTest -->
      </class> <!-- TestNGNop.VerificationofbookTestNG -->
    </test> <!-- EdgeTest -->
  </suite> <!-- Suite -->
</testng-results>
