<?xml version="1.0" encoding="UTF-8"?>
<!-- Generated by org.testng.reporters.JUnitXMLReporter -->
<testsuite ignored="0" hostname="DESKTOP-IVJGQJO" failures="0" tests="5" name="EdgeTest" time="40.68" errors="0" timestamp="2023-02-12T09:07:31 IST">
  <testcase classname="TestNGNop.Verificationoflink" name="testLOGIN" time="1.759"/>
  <testcase classname="TestNGNop.VerificationofnopcomTestNg" name="testregistration" time="3.547"/>
  <testcase classname="TestNGNop.Verificationoflink" name="testregistration" time="4.344"/>
  <testcase classname="TestNGNop.VerificationofnopcomTestNg" name="testlogin" time="2.213"/>
  <testcase classname="TestNGNop.VerificationofbookTestNG" name="testVerificationofBookPurchase" time="22.076"/>
</testsuite> <!-- EdgeTest -->
